<?xml version='1.0'?>
<ns2:test-suite xmlns:ns2='urn:model.allure.qatools.yandex.ru' start='1627938966476' stop='1627938972187'>
    <name>New Stream create page: </name>
    <title>New Stream create page: </title>
    <test-cases>
        <test-case start='1627938966476' status='passed' stop='1627938966478'>
            <name></name>
            <title></title>
            <labels>
                <label name='language' value='javascript'/>
                <label name='framework' value='wdio'/>
                <label name='thread' value='0-0'/>
            </labels>
            <parameters>
                <parameter kind='argument' name='browser' value='chrome-92.0.4515.107'/>
            </parameters>
            <steps/>
            <attachments/>
        </test-case>
        <test-case start='1627938966478' status='passed' stop='1627938972174'>
            <name>Given I am on the stream list page with the url http://localhost:3000/streams/new</name>
            <title>Given I am on the stream list page with the url http://localhost:3000/streams/new</title>
            <labels>
                <label name='language' value='javascript'/>
                <label name='framework' value='wdio'/>
                <label name='thread' value='0-0'/>
            </labels>
            <parameters>
                <parameter kind='argument' name='browser' value='chrome-92.0.4515.107'/>
            </parameters>
            <steps>
                <step start='1627938966480' status='passed' stop='1627938967164'>
                    <name>POST /session/:sessionId/url</name>
                    <title>POST /session/:sessionId/url</title>
                    <attachments>
                        <attachment title='Request' source='1c83ffe3-7f60-48fa-b35c-6e47d3c5bd4e-attachment.json' type='application/json' size='48'/>
                    </attachments>
                    <steps/>
                </step>
            </steps>
            <attachments/>
        </test-case>
        <test-case start='1627938972174' status='broken' stop='1627938972185'>
            <name>Then I validate page header "Practice form"</name>
            <title>Then I validate page header "Practice form"</title>
            <labels>
                <label name='language' value='javascript'/>
                <label name='framework' value='wdio'/>
                <label name='thread' value='0-0'/>
            </labels>
            <parameters>
                <parameter kind='argument' name='browser' value='chrome-92.0.4515.107'/>
            </parameters>
            <steps/>
            <attachments/>
            <failure>
                <message>Error: function uses multiple asynchronous interfaces: callback and promise</message>
                <stack-trace>Error: function uses multiple asynchronous interfaces: callback and promise
                to use the callback interface: do not return a promise
                to use the promise interface: remove the last argument to the function
                    at Object.run (/home/krzysztofmichalski/projects/cucumber-gherking-learning/node_modules/@cucumber/cucumber/src/user_code_runner.ts:51:16)
                    at Object.run (/home/krzysztofmichalski/projects/cucumber-gherking-learning/node_modules/@cucumber/cucumber/src/runtime/step_runner.ts:56:41)
                    at PickleRunner.invokeStep (/home/krzysztofmichalski/projects/cucumber-gherking-learning/node_modules/@cucumber/cucumber/src/runtime/pickle_runner.ts:240:12)
                    at PickleRunner.runStep (/home/krzysztofmichalski/projects/cucumber-gherking-learning/node_modules/@cucumber/cucumber/src/runtime/pickle_runner.ts:423:20)
                    at /home/krzysztofmichalski/projects/cucumber-gherking-learning/node_modules/@cucumber/cucumber/src/runtime/pickle_runner.ts:331:20
                    at PickleRunner.aroundTestStep (/home/krzysztofmichalski/projects/cucumber-gherking-learning/node_modules/@cucumber/cucumber/src/runtime/pickle_runner.ts:273:28)
                    at PickleRunner.run (/home/krzysztofmichalski/projects/cucumber-gherking-learning/node_modules/@cucumber/cucumber/src/runtime/pickle_runner.ts:315:9)
                    at Runtime.runPickle (/home/krzysztofmichalski/projects/cucumber-gherking-learning/node_modules/@cucumber/cucumber/src/runtime/index.ts:118:20)</stack-trace>
            </failure>
        </test-case>
        <test-case start='1627938972185' status='undefined'>
            <name>When I enter firstname testTitle and lastname testDesc</name>
            <title>When I enter firstname testTitle and lastname testDesc</title>
            <labels>
                <label name='language' value='javascript'/>
                <label name='framework' value='wdio'/>
                <label name='thread' value='0-0'/>
            </labels>
            <parameters>
                <parameter kind='argument' name='browser' value='chrome-92.0.4515.107'/>
            </parameters>
            <steps/>
            <attachments/>
        </test-case>
        <test-case start='1627938972185' status='pending' stop='1627938972185'>
            <name>I enter firstname testTitle and lastname testDesc</name>
            <title>I enter firstname testTitle and lastname testDesc</title>
            <labels/>
            <parameters/>
            <steps/>
            <attachments/>
            <failure>
                <message>Test ignored</message>
                <stack-trace>undefined</stack-trace>
            </failure>
        </test-case>
        <test-case start='1627938972185' status='undefined'>
            <name>And I click on submit button</name>
            <title>And I click on submit button</title>
            <labels>
                <label name='language' value='javascript'/>
                <label name='framework' value='wdio'/>
                <label name='thread' value='0-0'/>
            </labels>
            <parameters>
                <parameter kind='argument' name='browser' value='chrome-92.0.4515.107'/>
            </parameters>
            <steps/>
            <attachments/>
        </test-case>
        <test-case start='1627938972185' status='pending' stop='1627938972185'>
            <name>I click on submit button</name>
            <title>I click on submit button</title>
            <labels/>
            <parameters/>
            <steps/>
            <attachments/>
            <failure>
                <message>Test ignored</message>
                <stack-trace>undefined</stack-trace>
            </failure>
        </test-case>
        <test-case start='1627938972185' status='undefined'>
            <name>Then I should see page with header: "Streams"</name>
            <title>Then I should see page with header: "Streams"</title>
            <labels>
                <label name='language' value='javascript'/>
                <label name='framework' value='wdio'/>
                <label name='thread' value='0-0'/>
            </labels>
            <parameters>
                <parameter kind='argument' name='browser' value='chrome-92.0.4515.107'/>
            </parameters>
            <steps/>
            <attachments/>
        </test-case>
        <test-case start='1627938972186' status='pending' stop='1627938972186'>
            <name>I should see page with header: "Streams"</name>
            <title>I should see page with header: "Streams"</title>
            <labels/>
            <parameters/>
            <steps/>
            <attachments/>
            <failure>
                <message>Test ignored</message>
                <stack-trace>undefined</stack-trace>
            </failure>
        </test-case>
        <test-case start='1627938972186' status='passed' stop='1627938972186'>
            <name></name>
            <title></title>
            <labels>
                <label name='language' value='javascript'/>
                <label name='framework' value='wdio'/>
                <label name='thread' value='0-0'/>
            </labels>
            <parameters>
                <parameter kind='argument' name='browser' value='chrome-92.0.4515.107'/>
            </parameters>
            <steps/>
            <attachments/>
        </test-case>
    </test-cases>
</ns2:test-suite>