<?xml version='1.0'?>
<ns2:test-suite xmlns:ns2='urn:model.allure.qatools.yandex.ru' start='1628941751624' stop='1628941751628'>
    <name>The Streams website: As a loged in user, I can create new stream</name>
    <title>The Streams website: As a loged in user, I can create new stream</title>
    <test-cases>
        <test-case start='1628941751624' status='passed' stop='1628941751626'>
            <name></name>
            <title></title>
            <labels>
                <label name='language' value='javascript'/>
                <label name='framework' value='wdio'/>
                <label name='thread' value='0-0'/>
            </labels>
            <parameters>
                <parameter kind='argument' name='browser' value='chrome-92.0.4515.107'/>
            </parameters>
            <steps/>
            <attachments/>
        </test-case>
        <test-case start='1628941751626' status='broken' stop='1628941751627'>
            <name>Given I am on the main stream page2 http://localhost:3000</name>
            <title>Given I am on the main stream page2 http://localhost:3000</title>
            <labels>
                <label name='language' value='javascript'/>
                <label name='framework' value='wdio'/>
                <label name='thread' value='0-0'/>
            </labels>
            <parameters>
                <parameter kind='argument' name='browser' value='chrome-92.0.4515.107'/>
            </parameters>
            <steps/>
            <attachments/>
            <failure>
                <message>Step "I am on the main stream page2 http://localhost:3000" is not defined. You can ignore this error by setting cucumberOpts.ignoreUndefinedDefinitions as true.</message>
                <stack-trace>Step "I am on the main stream page2 http://localhost:3000" is not defined. You can ignore this error by setting cucumberOpts.ignoreUndefinedDefinitions as true.
                	at Feature(/home/krzysztofmichalski/projects/cucumber-gherking-learning/test/features/login-stream-app.feature):1:1
                	at Scenario(As a loged in user, I can create new stream):3:3
                	at Step(I am on the main stream page2 &lt;streamsAppUrl>):5:5
                </stack-trace>
            </failure>
        </test-case>
        <test-case start='1628941751627' status='undefined'>
            <name>When I login with krzysztof.michalski@gmail.com and Pirx1988</name>
            <title>When I login with krzysztof.michalski@gmail.com and Pirx1988</title>
            <labels>
                <label name='language' value='javascript'/>
                <label name='framework' value='wdio'/>
                <label name='thread' value='0-0'/>
            </labels>
            <parameters>
                <parameter kind='argument' name='browser' value='chrome-92.0.4515.107'/>
            </parameters>
            <steps/>
            <attachments/>
        </test-case>
        <test-case start='1628941751627' status='pending' stop='1628941751627'>
            <name>I login with krzysztof.michalski@gmail.com and Pirx1988</name>
            <title>I login with krzysztof.michalski@gmail.com and Pirx1988</title>
            <labels/>
            <parameters/>
            <steps/>
            <attachments/>
            <failure>
                <message>Test ignored</message>
                <stack-trace>undefined</stack-trace>
            </failure>
        </test-case>
        <test-case start='1628941751627' status='undefined'>
            <name>Then I should see create stream button</name>
            <title>Then I should see create stream button</title>
            <labels>
                <label name='language' value='javascript'/>
                <label name='framework' value='wdio'/>
                <label name='thread' value='0-0'/>
            </labels>
            <parameters>
                <parameter kind='argument' name='browser' value='chrome-92.0.4515.107'/>
            </parameters>
            <steps/>
            <attachments/>
        </test-case>
        <test-case start='1628941751627' status='pending' stop='1628941751627'>
            <name>I should see create stream button</name>
            <title>I should see create stream button</title>
            <labels/>
            <parameters/>
            <steps/>
            <attachments/>
            <failure>
                <message>Test ignored</message>
                <stack-trace>undefined</stack-trace>
            </failure>
        </test-case>
        <test-case start='1628941751628' status='passed' stop='1628941751628'>
            <name></name>
            <title></title>
            <labels>
                <label name='language' value='javascript'/>
                <label name='framework' value='wdio'/>
                <label name='thread' value='0-0'/>
            </labels>
            <parameters>
                <parameter kind='argument' name='browser' value='chrome-92.0.4515.107'/>
            </parameters>
            <steps/>
            <attachments/>
        </test-case>
    </test-cases>
</ns2:test-suite>