<?xml version='1.0'?>
<ns2:test-suite xmlns:ns2='urn:model.allure.qatools.yandex.ru' start='1627938871692' stop='1627938871701'>
    <name>New Stream create page: </name>
    <title>New Stream create page: </title>
    <test-cases>
        <test-case start='1627938871693' status='passed' stop='1627938871695'>
            <name></name>
            <title></title>
            <labels>
                <label name='language' value='javascript'/>
                <label name='framework' value='wdio'/>
                <label name='thread' value='0-2'/>
            </labels>
            <parameters>
                <parameter kind='argument' name='browser' value='chrome-92.0.4515.107'/>
            </parameters>
            <steps/>
            <attachments/>
        </test-case>
        <test-case start='1627938871696' status='broken' stop='1627938871697'>
            <name>Given I am on the stream list page with the url http://localhost:3000/streams/new</name>
            <title>Given I am on the stream list page with the url http://localhost:3000/streams/new</title>
            <labels>
                <label name='language' value='javascript'/>
                <label name='framework' value='wdio'/>
                <label name='thread' value='0-2'/>
            </labels>
            <parameters>
                <parameter kind='argument' name='browser' value='chrome-92.0.4515.107'/>
            </parameters>
            <steps/>
            <attachments/>
            <failure>
                <message>Step "I am on the stream list page with the url http://localhost:3000/streams/new" is not defined. You can ignore this error by setting cucumberOpts.ignoreUndefinedDefinitions as true.</message>
                <stack-trace>Step "I am on the stream list page with the url http://localhost:3000/streams/new" is not defined. You can ignore this error by setting cucumberOpts.ignoreUndefinedDefinitions as true.
                	at Feature(/home/krzysztofmichalski/projects/cucumber-gherking-learning/features/new-stream.feature):1:1
                	at Scenario():3:3
                	at Step(I am on the stream list page with the url &lt;streamsAppUrl>):4:5
                </stack-trace>
            </failure>
        </test-case>
        <test-case start='1627938871697' status='undefined'>
            <name>Then I validate page header "Practice form"</name>
            <title>Then I validate page header "Practice form"</title>
            <labels>
                <label name='language' value='javascript'/>
                <label name='framework' value='wdio'/>
                <label name='thread' value='0-2'/>
            </labels>
            <parameters>
                <parameter kind='argument' name='browser' value='chrome-92.0.4515.107'/>
            </parameters>
            <steps/>
            <attachments/>
        </test-case>
        <test-case start='1627938871697' status='pending' stop='1627938871697'>
            <name>I validate page header "Practice form"</name>
            <title>I validate page header "Practice form"</title>
            <labels/>
            <parameters/>
            <steps/>
            <attachments/>
            <failure>
                <message>Test ignored</message>
                <stack-trace>undefined</stack-trace>
            </failure>
        </test-case>
        <test-case start='1627938871697' status='undefined'>
            <name>When I enter firstname testTitle and lastname testDesc</name>
            <title>When I enter firstname testTitle and lastname testDesc</title>
            <labels>
                <label name='language' value='javascript'/>
                <label name='framework' value='wdio'/>
                <label name='thread' value='0-2'/>
            </labels>
            <parameters>
                <parameter kind='argument' name='browser' value='chrome-92.0.4515.107'/>
            </parameters>
            <steps/>
            <attachments/>
        </test-case>
        <test-case start='1627938871698' status='pending' stop='1627938871698'>
            <name>I enter firstname testTitle and lastname testDesc</name>
            <title>I enter firstname testTitle and lastname testDesc</title>
            <labels/>
            <parameters/>
            <steps/>
            <attachments/>
            <failure>
                <message>Test ignored</message>
                <stack-trace>undefined</stack-trace>
            </failure>
        </test-case>
        <test-case start='1627938871698' status='undefined'>
            <name>And I click on submit button</name>
            <title>And I click on submit button</title>
            <labels>
                <label name='language' value='javascript'/>
                <label name='framework' value='wdio'/>
                <label name='thread' value='0-2'/>
            </labels>
            <parameters>
                <parameter kind='argument' name='browser' value='chrome-92.0.4515.107'/>
            </parameters>
            <steps/>
            <attachments/>
        </test-case>
        <test-case start='1627938871698' status='pending' stop='1627938871698'>
            <name>I click on submit button</name>
            <title>I click on submit button</title>
            <labels/>
            <parameters/>
            <steps/>
            <attachments/>
            <failure>
                <message>Test ignored</message>
                <stack-trace>undefined</stack-trace>
            </failure>
        </test-case>
        <test-case start='1627938871698' status='broken' stop='1627938871698'>
            <name>Then I should see page with header: "Streams"</name>
            <title>Then I should see page with header: "Streams"</title>
            <labels>
                <label name='language' value='javascript'/>
                <label name='framework' value='wdio'/>
                <label name='thread' value='0-2'/>
            </labels>
            <parameters>
                <parameter kind='argument' name='browser' value='chrome-92.0.4515.107'/>
            </parameters>
            <steps/>
            <attachments/>
            <failure>
                <message>Step "I should see page with header: "Streams"" is not defined. You can ignore this error by setting cucumberOpts.ignoreUndefinedDefinitions as true.</message>
                <stack-trace>Step "I should see page with header: "Streams"" is not defined. You can ignore this error by setting cucumberOpts.ignoreUndefinedDefinitions as true.
                	at Feature(/home/krzysztofmichalski/projects/cucumber-gherking-learning/features/new-stream.feature):1:1
                	at Scenario():3:3
                	at Step(I should see page with header: "Streams"):8:5
                </stack-trace>
            </failure>
        </test-case>
        <test-case start='1627938871698' status='passed' stop='1627938871700'>
            <name></name>
            <title></title>
            <labels>
                <label name='language' value='javascript'/>
                <label name='framework' value='wdio'/>
                <label name='thread' value='0-2'/>
            </labels>
            <parameters>
                <parameter kind='argument' name='browser' value='chrome-92.0.4515.107'/>
            </parameters>
            <steps/>
            <attachments/>
        </test-case>
    </test-cases>
</ns2:test-suite>