<?xml version='1.0'?>
<ns2:test-suite xmlns:ns2='urn:model.allure.qatools.yandex.ru' start='1627938255637' stop='1627938255651'>
    <name>New Stream create page: </name>
    <title>New Stream create page: </title>
    <test-cases>
        <test-case start='1627938255637' status='passed' stop='1627938255639'>
            <name></name>
            <title></title>
            <labels>
                <label name='language' value='javascript'/>
                <label name='framework' value='wdio'/>
                <label name='thread' value='0-0'/>
            </labels>
            <parameters>
                <parameter kind='argument' name='browser' value='chrome-92.0.4515.107'/>
            </parameters>
            <steps/>
            <attachments/>
        </test-case>
        <test-case start='1627938255639' status='undefined'>
            <name>Given I am on the stream list page with the url http://localhost:3000/streams/new</name>
            <title>Given I am on the stream list page with the url http://localhost:3000/streams/new</title>
            <labels>
                <label name='language' value='javascript'/>
                <label name='framework' value='wdio'/>
                <label name='thread' value='0-0'/>
            </labels>
            <parameters>
                <parameter kind='argument' name='browser' value='chrome-92.0.4515.107'/>
            </parameters>
            <steps/>
            <attachments/>
        </test-case>
        <test-case start='1627938255647' status='pending' stop='1627938255647'>
            <name>I am on the stream list page with the url http://localhost:3000/streams/new</name>
            <title>I am on the stream list page with the url http://localhost:3000/streams/new</title>
            <labels/>
            <parameters/>
            <steps/>
            <attachments/>
            <failure>
                <message>Test ignored</message>
                <stack-trace>undefined</stack-trace>
            </failure>
        </test-case>
        <test-case start='1627938255647' status='undefined'>
            <name>Then I validate page header "Practice form"</name>
            <title>Then I validate page header "Practice form"</title>
            <labels>
                <label name='language' value='javascript'/>
                <label name='framework' value='wdio'/>
                <label name='thread' value='0-0'/>
            </labels>
            <parameters>
                <parameter kind='argument' name='browser' value='chrome-92.0.4515.107'/>
            </parameters>
            <steps/>
            <attachments/>
        </test-case>
        <test-case start='1627938255648' status='pending' stop='1627938255648'>
            <name>I validate page header "Practice form"</name>
            <title>I validate page header "Practice form"</title>
            <labels/>
            <parameters/>
            <steps/>
            <attachments/>
            <failure>
                <message>Test ignored</message>
                <stack-trace>undefined</stack-trace>
            </failure>
        </test-case>
        <test-case start='1627938255648' status='undefined'>
            <name>When I enter firstname testTitle and lastname testDesc</name>
            <title>When I enter firstname testTitle and lastname testDesc</title>
            <labels>
                <label name='language' value='javascript'/>
                <label name='framework' value='wdio'/>
                <label name='thread' value='0-0'/>
            </labels>
            <parameters>
                <parameter kind='argument' name='browser' value='chrome-92.0.4515.107'/>
            </parameters>
            <steps/>
            <attachments/>
        </test-case>
        <test-case start='1627938255649' status='pending' stop='1627938255649'>
            <name>I enter firstname testTitle and lastname testDesc</name>
            <title>I enter firstname testTitle and lastname testDesc</title>
            <labels/>
            <parameters/>
            <steps/>
            <attachments/>
            <failure>
                <message>Test ignored</message>
                <stack-trace>undefined</stack-trace>
            </failure>
        </test-case>
        <test-case start='1627938255649' status='broken' stop='1627938255650'>
            <name>And Click Submit button</name>
            <title>And Click Submit button</title>
            <labels>
                <label name='language' value='javascript'/>
                <label name='framework' value='wdio'/>
                <label name='thread' value='0-0'/>
            </labels>
            <parameters>
                <parameter kind='argument' name='browser' value='chrome-92.0.4515.107'/>
            </parameters>
            <steps/>
            <attachments/>
            <failure>
                <message>Step "Click Submit button" is not defined. You can ignore this error by setting cucumberOpts.ignoreUndefinedDefinitions as true.</message>
                <stack-trace>Step "Click Submit button" is not defined. You can ignore this error by setting cucumberOpts.ignoreUndefinedDefinitions as true.
                	at Feature(/home/krzysztofmichalski/projects/cucumber-gherking-learning/features/new-stream.feature):1:1
                	at Scenario():3:3
                	at Step(Click Submit button):7:5
                </stack-trace>
            </failure>
        </test-case>
        <test-case start='1627938255650' status='broken' stop='1627938255650'>
            <name>Then I should see page with header: ""</name>
            <title>Then I should see page with header: ""</title>
            <labels>
                <label name='language' value='javascript'/>
                <label name='framework' value='wdio'/>
                <label name='thread' value='0-0'/>
            </labels>
            <parameters>
                <parameter kind='argument' name='browser' value='chrome-92.0.4515.107'/>
            </parameters>
            <steps/>
            <attachments/>
            <failure>
                <message>Step "I should see page with header: """ is not defined. You can ignore this error by setting cucumberOpts.ignoreUndefinedDefinitions as true.</message>
                <stack-trace>Step "I should see page with header: """ is not defined. You can ignore this error by setting cucumberOpts.ignoreUndefinedDefinitions as true.
                	at Feature(/home/krzysztofmichalski/projects/cucumber-gherking-learning/features/new-stream.feature):1:1
                	at Scenario():3:3
                	at Step(I should see page with header: ""):8:5
                </stack-trace>
            </failure>
        </test-case>
        <test-case start='1627938255650' status='passed' stop='1627938255650'>
            <name></name>
            <title></title>
            <labels>
                <label name='language' value='javascript'/>
                <label name='framework' value='wdio'/>
                <label name='thread' value='0-0'/>
            </labels>
            <parameters>
                <parameter kind='argument' name='browser' value='chrome-92.0.4515.107'/>
            </parameters>
            <steps/>
            <attachments/>
        </test-case>
    </test-cases>
</ns2:test-suite>